<?xml version="1.0" encoding="UTF-8"?>
<!-- Generated by org.testng.reporters.JUnitXMLReporter -->
<testsuite hostname="DESKTOP-P1LS8LR" ignored="0" name="Login test cases" tests="4" failures="0" timestamp="12 Apr 2020 12:29:46 GMT" time="102.895" errors="0">
  <testcase name="CorrectUsernamendPwd" time="21.896" classname="com.logintestcases.BothCorrect"/>
  <testcase name="WrongUsernamendPwd" time="39.889" classname="com.logintestcases.BothWrong"/>
  <testcase name="loginCorrectPassword" time="23.974" classname="com.logintestcases.CorrectPassword"/>
  <testcase name="loginCorrectUsername" time="16.996" classname="com.logintestcases.CorrectUsername"/>
</testsuite> <!-- Login test cases -->
